
**** Build of configuration Debug for project 570_blink_1 ****

"C:\\TI\\ccsv6\\utils\\bin\\gmake" -k all 
'Building file: ../source/Device_TMS570LS04.c'
'Invoking: ARM Compiler'
"C:/TI/ccsv6/tools/compiler/arm_15.12.3.LTS/bin/armcl" -mv7R4 --code_state=32 --include_path="C:/TI/ccsv6/tools/compiler/arm_15.12.3.LTS/include" --include_path="C:/Users/Richard Arthurs/workspace_v6_2/570_blink_1/include" -g --diag_wrap=off --diag_warning=225 --display_error_number --abi=eabi --enum_type=packed --preproc_with_compile --preproc_dependency="source/Device_TMS570LS04.d" --obj_directory="source"  "../source/Device_TMS570LS04.c"

>> Compilation failure
source/subdir_rules.mk:7: recipe for target 'source/Device_TMS570LS04.obj' failed
"C:/Users/Richard Arthurs/workspace_v6_2/570_blink_1/include/Device_TMS570LS04.h", line 104: fatal error #1965: cannot open source file "F021.h"
1 catastrophic error detected in the compilation of "../source/Device_TMS570LS04.c".
Compilation terminated.
'Building file: ../source/Fapi_UserDefinedFunctions.c'
'Invoking: ARM Compiler'
"C:/TI/ccsv6/tools/compiler/arm_15.12.3.LTS/bin/armcl" -mv7R4 --code_state=32 --include_path="C:/TI/ccsv6/tools/compiler/arm_15.12.3.LTS/include" --include_path="C:/Users/Richard Arthurs/workspace_v6_2/570_blink_1/include" -g --diag_wrap=off --diag_warning=225 --display_error_number --abi=eabi --enum_type=packed --preproc_with_compile --preproc_dependency="source/Fapi_UserDefinedFunctions.d" --obj_directory="source"  "../source/Fapi_UserDefinedFunctions.c"

>> Compilation failure
source/subdir_rules.mk:14: recipe for target 'source/Fapi_UserDefinedFunctions.obj' failed
gmake: *** [source/Device_TMS570LS04.obj] Error 1
"../source/Fapi_UserDefinedFunctions.c", line 55: fatal error #1965: cannot open source file "F021.h"
1 catastrophic error detected in the compilation of "../source/Fapi_UserDefinedFunctions.c".
Compilation terminated.
'Building file: ../source/adc.c'
'Invoking: ARM Compiler'
"C:/TI/ccsv6/tools/compiler/arm_15.12.3.LTS/bin/armcl" -mv7R4 --code_state=32 --include_path="C:/TI/ccsv6/tools/compiler/arm_15.12.3.LTS/include" --include_path="C:/Users/Richard Arthurs/workspace_v6_2/570_blink_1/include" -g --diag_wrap=off --diag_warning=225 --display_error_number --abi=eabi --enum_type=packed --preproc_with_compile --preproc_dependency="source/adc.d" --obj_directory="source"  "../source/adc.c"
gmake: *** [source/Fapi_UserDefinedFunctions.obj] Error 1
'Finished building: ../source/adc.c'
' '
'Building file: ../source/ajsm.asm'
'Invoking: ARM Compiler'
"C:/TI/ccsv6/tools/compiler/arm_15.12.3.LTS/bin/armcl" -mv7R4 --code_state=32 --include_path="C:/TI/ccsv6/tools/compiler/arm_15.12.3.LTS/include" --include_path="C:/Users/Richard Arthurs/workspace_v6_2/570_blink_1/include" -g --diag_wrap=off --diag_warning=225 --display_error_number --abi=eabi --enum_type=packed --preproc_with_compile --preproc_dependency="source/ajsm.d" --obj_directory="source"  "../source/ajsm.asm"
'Finished building: ../source/ajsm.asm'
' '
'Building file: ../source/can.c'
'Invoking: ARM Compiler'
"C:/TI/ccsv6/tools/compiler/arm_15.12.3.LTS/bin/armcl" -mv7R4 --code_state=32 --include_path="C:/TI/ccsv6/tools/compiler/arm_15.12.3.LTS/include" --include_path="C:/Users/Richard Arthurs/workspace_v6_2/570_blink_1/include" -g --diag_wrap=off --diag_warning=225 --display_error_number --abi=eabi --enum_type=packed --preproc_with_compile --preproc_dependency="source/can.d" --obj_directory="source"  "../source/can.c"
'Finished building: ../source/can.c'
' '
'Building file: ../source/crc.c'
'Invoking: ARM Compiler'
"C:/TI/ccsv6/tools/compiler/arm_15.12.3.LTS/bin/armcl" -mv7R4 --code_state=32 --include_path="C:/TI/ccsv6/tools/compiler/arm_15.12.3.LTS/include" --include_path="C:/Users/Richard Arthurs/workspace_v6_2/570_blink_1/include" -g --diag_wrap=off --diag_warning=225 --display_error_number --abi=eabi --enum_type=packed --preproc_with_compile --preproc_dependency="source/crc.d" --obj_directory="source"  "../source/crc.c"
'Finished building: ../source/crc.c'
' '
'Building file: ../source/dabort.asm'
'Invoking: ARM Compiler'
"C:/TI/ccsv6/tools/compiler/arm_15.12.3.LTS/bin/armcl" -mv7R4 --code_state=32 --include_path="C:/TI/ccsv6/tools/compiler/arm_15.12.3.LTS/include" --include_path="C:/Users/Richard Arthurs/workspace_v6_2/570_blink_1/include" -g --diag_wrap=off --diag_warning=225 --display_error_number --abi=eabi --enum_type=packed --preproc_with_compile --preproc_dependency="source/dabort.d" --obj_directory="source"  "../source/dabort.asm"
'Finished building: ../source/dabort.asm'
' '
'Building file: ../source/dcc.c'
'Invoking: ARM Compiler'
"C:/TI/ccsv6/tools/compiler/arm_15.12.3.LTS/bin/armcl" -mv7R4 --code_state=32 --include_path="C:/TI/ccsv6/tools/compiler/arm_15.12.3.LTS/include" --include_path="C:/Users/Richard Arthurs/workspace_v6_2/570_blink_1/include" -g --diag_wrap=off --diag_warning=225 --display_error_number --abi=eabi --enum_type=packed --preproc_with_compile --preproc_dependency="source/dcc.d" --obj_directory="source"  "../source/dcc.c"
'Finished building: ../source/dcc.c'
' '
'Building file: ../source/eqep.c'
'Invoking: ARM Compiler'
"C:/TI/ccsv6/tools/compiler/arm_15.12.3.LTS/bin/armcl" -mv7R4 --code_state=32 --include_path="C:/TI/ccsv6/tools/compiler/arm_15.12.3.LTS/include" --include_path="C:/Users/Richard Arthurs/workspace_v6_2/570_blink_1/include" -g --diag_wrap=off --diag_warning=225 --display_error_number --abi=eabi --enum_type=packed --preproc_with_compile --preproc_dependency="source/eqep.d" --obj_directory="source"  "../source/eqep.c"
'Finished building: ../source/eqep.c'
' '
'Building file: ../source/esm.c'
'Invoking: ARM Compiler'
"C:/TI/ccsv6/tools/compiler/arm_15.12.3.LTS/bin/armcl" -mv7R4 --code_state=32 --include_path="C:/TI/ccsv6/tools/compiler/arm_15.12.3.LTS/include" --include_path="C:/Users/Richard Arthurs/workspace_v6_2/570_blink_1/include" -g --diag_wrap=off --diag_warning=225 --display_error_number --abi=eabi --enum_type=packed --preproc_with_compile --preproc_dependency="source/esm.d" --obj_directory="source"  "../source/esm.c"
'Finished building: ../source/esm.c'
' '
'Building file: ../source/gio.c'
'Invoking: ARM Compiler'
"C:/TI/ccsv6/tools/compiler/arm_15.12.3.LTS/bin/armcl" -mv7R4 --code_state=32 --include_path="C:/TI/ccsv6/tools/compiler/arm_15.12.3.LTS/include" --include_path="C:/Users/Richard Arthurs/workspace_v6_2/570_blink_1/include" -g --diag_wrap=off --diag_warning=225 --display_error_number --abi=eabi --enum_type=packed --preproc_with_compile --preproc_dependency="source/gio.d" --obj_directory="source"  "../source/gio.c"
'Finished building: ../source/gio.c'
' '
'Building file: ../source/het.c'
'Invoking: ARM Compiler'
"C:/TI/ccsv6/tools/compiler/arm_15.12.3.LTS/bin/armcl" -mv7R4 --code_state=32 --include_path="C:/TI/ccsv6/tools/compiler/arm_15.12.3.LTS/include" --include_path="C:/Users/Richard Arthurs/workspace_v6_2/570_blink_1/include" -g --diag_wrap=off --diag_warning=225 --display_error_number --abi=eabi --enum_type=packed --preproc_with_compile --preproc_dependency="source/het.d" --obj_directory="source"  "../source/het.c"
'Finished building: ../source/het.c'
' '
'Building file: ../source/lin.c'
'Invoking: ARM Compiler'
"C:/TI/ccsv6/tools/compiler/arm_15.12.3.LTS/bin/armcl" -mv7R4 --code_state=32 --include_path="C:/TI/ccsv6/tools/compiler/arm_15.12.3.LTS/include" --include_path="C:/Users/Richard Arthurs/workspace_v6_2/570_blink_1/include" -g --diag_wrap=off --diag_warning=225 --display_error_number --abi=eabi --enum_type=packed --preproc_with_compile --preproc_dependency="source/lin.d" --obj_directory="source"  "../source/lin.c"
'Finished building: ../source/lin.c'
' '
'Building file: ../source/mibspi.c'
'Invoking: ARM Compiler'
"C:/TI/ccsv6/tools/compiler/arm_15.12.3.LTS/bin/armcl" -mv7R4 --code_state=32 --include_path="C:/TI/ccsv6/tools/compiler/arm_15.12.3.LTS/include" --include_path="C:/Users/Richard Arthurs/workspace_v6_2/570_blink_1/include" -g --diag_wrap=off --diag_warning=225 --display_error_number --abi=eabi --enum_type=packed --preproc_with_compile --preproc_dependency="source/mibspi.d" --obj_directory="source"  "../source/mibspi.c"
'Finished building: ../source/mibspi.c'
' '
'Building file: ../source/notification.c'
'Invoking: ARM Compiler'
"C:/TI/ccsv6/tools/compiler/arm_15.12.3.LTS/bin/armcl" -mv7R4 --code_state=32 --include_path="C:/TI/ccsv6/tools/compiler/arm_15.12.3.LTS/include" --include_path="C:/Users/Richard Arthurs/workspace_v6_2/570_blink_1/include" -g --diag_wrap=off --diag_warning=225 --display_error_number --abi=eabi --enum_type=packed --preproc_with_compile --preproc_dependency="source/notification.d" --obj_directory="source"  "../source/notification.c"
'Finished building: ../source/notification.c'
' '
'Building file: ../source/os_croutine.c'
'Invoking: ARM Compiler'
"C:/TI/ccsv6/tools/compiler/arm_15.12.3.LTS/bin/armcl" -mv7R4 --code_state=32 --include_path="C:/TI/ccsv6/tools/compiler/arm_15.12.3.LTS/include" --include_path="C:/Users/Richard Arthurs/workspace_v6_2/570_blink_1/include" -g --diag_wrap=off --diag_warning=225 --display_error_number --abi=eabi --enum_type=packed --preproc_with_compile --preproc_dependency="source/os_croutine.d" --obj_directory="source"  "../source/os_croutine.c"
'Finished building: ../source/os_croutine.c'
' '
'Building file: ../source/os_event_groups.c'
'Invoking: ARM Compiler'
"C:/TI/ccsv6/tools/compiler/arm_15.12.3.LTS/bin/armcl" -mv7R4 --code_state=32 --include_path="C:/TI/ccsv6/tools/compiler/arm_15.12.3.LTS/include" --include_path="C:/Users/Richard Arthurs/workspace_v6_2/570_blink_1/include" -g --diag_wrap=off --diag_warning=225 --display_error_number --abi=eabi --enum_type=packed --preproc_with_compile --preproc_dependency="source/os_event_groups.d" --obj_directory="source"  "../source/os_event_groups.c"
'Finished building: ../source/os_event_groups.c'
' '
'Building file: ../source/os_heap.c'
'Invoking: ARM Compiler'
"C:/TI/ccsv6/tools/compiler/arm_15.12.3.LTS/bin/armcl" -mv7R4 --code_state=32 --include_path="C:/TI/ccsv6/tools/compiler/arm_15.12.3.LTS/include" --include_path="C:/Users/Richard Arthurs/workspace_v6_2/570_blink_1/include" -g --diag_wrap=off --diag_warning=225 --display_error_number --abi=eabi --enum_type=packed --preproc_with_compile --preproc_dependency="source/os_heap.d" --obj_directory="source"  "../source/os_heap.c"
'Finished building: ../source/os_heap.c'
' '
'Building file: ../source/os_list.c'
'Invoking: ARM Compiler'
"C:/TI/ccsv6/tools/compiler/arm_15.12.3.LTS/bin/armcl" -mv7R4 --code_state=32 --include_path="C:/TI/ccsv6/tools/compiler/arm_15.12.3.LTS/include" --include_path="C:/Users/Richard Arthurs/workspace_v6_2/570_blink_1/include" -g --diag_wrap=off --diag_warning=225 --display_error_number --abi=eabi --enum_type=packed --preproc_with_compile --preproc_dependency="source/os_list.d" --obj_directory="source"  "../source/os_list.c"
'Finished building: ../source/os_list.c'
' '
'Building file: ../source/os_mpu_wrappers.c'
'Invoking: ARM Compiler'
"C:/TI/ccsv6/tools/compiler/arm_15.12.3.LTS/bin/armcl" -mv7R4 --code_state=32 --include_path="C:/TI/ccsv6/tools/compiler/arm_15.12.3.LTS/include" --include_path="C:/Users/Richard Arthurs/workspace_v6_2/570_blink_1/include" -g --diag_wrap=off --diag_warning=225 --display_error_number --abi=eabi --enum_type=packed --preproc_with_compile --preproc_dependency="source/os_mpu_wrappers.d" --obj_directory="source"  "../source/os_mpu_wrappers.c"
'Finished building: ../source/os_mpu_wrappers.c'
' '
'Building file: ../source/os_port.c'
'Invoking: ARM Compiler'
"C:/TI/ccsv6/tools/compiler/arm_15.12.3.LTS/bin/armcl" -mv7R4 --code_state=32 --include_path="C:/TI/ccsv6/tools/compiler/arm_15.12.3.LTS/include" --include_path="C:/Users/Richard Arthurs/workspace_v6_2/570_blink_1/include" -g --diag_wrap=off --diag_warning=225 --display_error_number --abi=eabi --enum_type=packed --preproc_with_compile --preproc_dependency="source/os_port.d" --obj_directory="source"  "../source/os_port.c"
'Finished building: ../source/os_port.c'
' '
'Building file: ../source/os_portasm.asm'
'Invoking: ARM Compiler'
"C:/TI/ccsv6/tools/compiler/arm_15.12.3.LTS/bin/armcl" -mv7R4 --code_state=32 --include_path="C:/TI/ccsv6/tools/compiler/arm_15.12.3.LTS/include" --include_path="C:/Users/Richard Arthurs/workspace_v6_2/570_blink_1/include" -g --diag_wrap=off --diag_warning=225 --display_error_number --abi=eabi --enum_type=packed --preproc_with_compile --preproc_dependency="source/os_portasm.d" --obj_directory="source"  "../source/os_portasm.asm"
'Finished building: ../source/os_portasm.asm'
' '
'Building file: ../source/os_queue.c'
'Invoking: ARM Compiler'
"C:/TI/ccsv6/tools/compiler/arm_15.12.3.LTS/bin/armcl" -mv7R4 --code_state=32 --include_path="C:/TI/ccsv6/tools/compiler/arm_15.12.3.LTS/include" --include_path="C:/Users/Richard Arthurs/workspace_v6_2/570_blink_1/include" -g --diag_wrap=off --diag_warning=225 --display_error_number --abi=eabi --enum_type=packed --preproc_with_compile --preproc_dependency="source/os_queue.d" --obj_directory="source"  "../source/os_queue.c"
'Finished building: ../source/os_queue.c'
' '
'Building file: ../source/os_tasks.c'
'Invoking: ARM Compiler'
"C:/TI/ccsv6/tools/compiler/arm_15.12.3.LTS/bin/armcl" -mv7R4 --code_state=32 --include_path="C:/TI/ccsv6/tools/compiler/arm_15.12.3.LTS/include" --include_path="C:/Users/Richard Arthurs/workspace_v6_2/570_blink_1/include" -g --diag_wrap=off --diag_warning=225 --display_error_number --abi=eabi --enum_type=packed --preproc_with_compile --preproc_dependency="source/os_tasks.d" --obj_directory="source"  "../source/os_tasks.c"
'Finished building: ../source/os_tasks.c'
' '
'Building file: ../source/os_timer.c'
'Invoking: ARM Compiler'
"C:/TI/ccsv6/tools/compiler/arm_15.12.3.LTS/bin/armcl" -mv7R4 --code_state=32 --include_path="C:/TI/ccsv6/tools/compiler/arm_15.12.3.LTS/include" --include_path="C:/Users/Richard Arthurs/workspace_v6_2/570_blink_1/include" -g --diag_wrap=off --diag_warning=225 --display_error_number --abi=eabi --enum_type=packed --preproc_with_compile --preproc_dependency="source/os_timer.d" --obj_directory="source"  "../source/os_timer.c"
'Finished building: ../source/os_timer.c'
' '
'Building file: ../source/pinmux.c'
'Invoking: ARM Compiler'
"C:/TI/ccsv6/tools/compiler/arm_15.12.3.LTS/bin/armcl" -mv7R4 --code_state=32 --include_path="C:/TI/ccsv6/tools/compiler/arm_15.12.3.LTS/include" --include_path="C:/Users/Richard Arthurs/workspace_v6_2/570_blink_1/include" -g --diag_wrap=off --diag_warning=225 --display_error_number --abi=eabi --enum_type=packed --preproc_with_compile --preproc_dependency="source/pinmux.d" --obj_directory="source"  "../source/pinmux.c"
'Finished building: ../source/pinmux.c'
' '
'Building file: ../source/spi.c'
'Invoking: ARM Compiler'
"C:/TI/ccsv6/tools/compiler/arm_15.12.3.LTS/bin/armcl" -mv7R4 --code_state=32 --include_path="C:/TI/ccsv6/tools/compiler/arm_15.12.3.LTS/include" --include_path="C:/Users/Richard Arthurs/workspace_v6_2/570_blink_1/include" -g --diag_wrap=off --diag_warning=225 --display_error_number --abi=eabi --enum_type=packed --preproc_with_compile --preproc_dependency="source/spi.d" --obj_directory="source"  "../source/spi.c"
'Finished building: ../source/spi.c'
' '
'Building file: ../source/sys_core.asm'
'Invoking: ARM Compiler'
"C:/TI/ccsv6/tools/compiler/arm_15.12.3.LTS/bin/armcl" -mv7R4 --code_state=32 --include_path="C:/TI/ccsv6/tools/compiler/arm_15.12.3.LTS/include" --include_path="C:/Users/Richard Arthurs/workspace_v6_2/570_blink_1/include" -g --diag_wrap=off --diag_warning=225 --display_error_number --abi=eabi --enum_type=packed --preproc_with_compile --preproc_dependency="source/sys_core.d" --obj_directory="source"  "../source/sys_core.asm"
'Finished building: ../source/sys_core.asm'
' '
'Building file: ../source/sys_intvecs.asm'
'Invoking: ARM Compiler'
"C:/TI/ccsv6/tools/compiler/arm_15.12.3.LTS/bin/armcl" -mv7R4 --code_state=32 --include_path="C:/TI/ccsv6/tools/compiler/arm_15.12.3.LTS/include" --include_path="C:/Users/Richard Arthurs/workspace_v6_2/570_blink_1/include" -g --diag_wrap=off --diag_warning=225 --display_error_number --abi=eabi --enum_type=packed --preproc_with_compile --preproc_dependency="source/sys_intvecs.d" --obj_directory="source"  "../source/sys_intvecs.asm"
'Finished building: ../source/sys_intvecs.asm'
' '
'Building file: ../source/sys_main.c'
'Invoking: ARM Compiler'
"C:/TI/ccsv6/tools/compiler/arm_15.12.3.LTS/bin/armcl" -mv7R4 --code_state=32 --include_path="C:/TI/ccsv6/tools/compiler/arm_15.12.3.LTS/include" --include_path="C:/Users/Richard Arthurs/workspace_v6_2/570_blink_1/include" -g --diag_wrap=off --diag_warning=225 --display_error_number --abi=eabi --enum_type=packed --preproc_with_compile --preproc_dependency="source/sys_main.d" --obj_directory="source"  "../source/sys_main.c"
"../source/sys_main.c", line 104: warning #112-D: statement is unreachable
'Finished building: ../source/sys_main.c'
' '
'Building file: ../source/sys_mpu.asm'
'Invoking: ARM Compiler'
"C:/TI/ccsv6/tools/compiler/arm_15.12.3.LTS/bin/armcl" -mv7R4 --code_state=32 --include_path="C:/TI/ccsv6/tools/compiler/arm_15.12.3.LTS/include" --include_path="C:/Users/Richard Arthurs/workspace_v6_2/570_blink_1/include" -g --diag_wrap=off --diag_warning=225 --display_error_number --abi=eabi --enum_type=packed --preproc_with_compile --preproc_dependency="source/sys_mpu.d" --obj_directory="source"  "../source/sys_mpu.asm"
'Finished building: ../source/sys_mpu.asm'
' '
'Building file: ../source/sys_pcr.c'
'Invoking: ARM Compiler'
"C:/TI/ccsv6/tools/compiler/arm_15.12.3.LTS/bin/armcl" -mv7R4 --code_state=32 --include_path="C:/TI/ccsv6/tools/compiler/arm_15.12.3.LTS/include" --include_path="C:/Users/Richard Arthurs/workspace_v6_2/570_blink_1/include" -g --diag_wrap=off --diag_warning=225 --display_error_number --abi=eabi --enum_type=packed --preproc_with_compile --preproc_dependency="source/sys_pcr.d" --obj_directory="source"  "../source/sys_pcr.c"
'Finished building: ../source/sys_pcr.c'
' '
'Building file: ../source/sys_phantom.c'
'Invoking: ARM Compiler'
"C:/TI/ccsv6/tools/compiler/arm_15.12.3.LTS/bin/armcl" -mv7R4 --code_state=32 --include_path="C:/TI/ccsv6/tools/compiler/arm_15.12.3.LTS/include" --include_path="C:/Users/Richard Arthurs/workspace_v6_2/570_blink_1/include" -g --diag_wrap=off --diag_warning=225 --display_error_number --abi=eabi --enum_type=packed --preproc_with_compile --preproc_dependency="source/sys_phantom.d" --obj_directory="source"  "../source/sys_phantom.c"
'Finished building: ../source/sys_phantom.c'
' '
'Building file: ../source/sys_pmu.asm'
'Invoking: ARM Compiler'
"C:/TI/ccsv6/tools/compiler/arm_15.12.3.LTS/bin/armcl" -mv7R4 --code_state=32 --include_path="C:/TI/ccsv6/tools/compiler/arm_15.12.3.LTS/include" --include_path="C:/Users/Richard Arthurs/workspace_v6_2/570_blink_1/include" -g --diag_wrap=off --diag_warning=225 --display_error_number --abi=eabi --enum_type=packed --preproc_with_compile --preproc_dependency="source/sys_pmu.d" --obj_directory="source"  "../source/sys_pmu.asm"
'Finished building: ../source/sys_pmu.asm'
' '
'Building file: ../source/sys_selftest.c'
'Invoking: ARM Compiler'
"C:/TI/ccsv6/tools/compiler/arm_15.12.3.LTS/bin/armcl" -mv7R4 --code_state=32 --include_path="C:/TI/ccsv6/tools/compiler/arm_15.12.3.LTS/include" --include_path="C:/Users/Richard Arthurs/workspace_v6_2/570_blink_1/include" -g --diag_wrap=off --diag_warning=225 --display_error_number --abi=eabi --enum_type=packed --preproc_with_compile --preproc_dependency="source/sys_selftest.d" --obj_directory="source"  "../source/sys_selftest.c"
'Finished building: ../source/sys_selftest.c'
' '
'Building file: ../source/sys_startup.c'
'Invoking: ARM Compiler'
"C:/TI/ccsv6/tools/compiler/arm_15.12.3.LTS/bin/armcl" -mv7R4 --code_state=32 --include_path="C:/TI/ccsv6/tools/compiler/arm_15.12.3.LTS/include" --include_path="C:/Users/Richard Arthurs/workspace_v6_2/570_blink_1/include" -g --diag_wrap=off --diag_warning=225 --display_error_number --abi=eabi --enum_type=packed --preproc_with_compile --preproc_dependency="source/sys_startup.d" --obj_directory="source"  "../source/sys_startup.c"
'Finished building: ../source/sys_startup.c'
' '
'Building file: ../source/sys_vim.c'
'Invoking: ARM Compiler'
"C:/TI/ccsv6/tools/compiler/arm_15.12.3.LTS/bin/armcl" -mv7R4 --code_state=32 --include_path="C:/TI/ccsv6/tools/compiler/arm_15.12.3.LTS/include" --include_path="C:/Users/Richard Arthurs/workspace_v6_2/570_blink_1/include" -g --diag_wrap=off --diag_warning=225 --display_error_number --abi=eabi --enum_type=packed --preproc_with_compile --preproc_dependency="source/sys_vim.d" --obj_directory="source"  "../source/sys_vim.c"
'Finished building: ../source/sys_vim.c'
' '
'Building file: ../source/system.c'
'Invoking: ARM Compiler'
"C:/TI/ccsv6/tools/compiler/arm_15.12.3.LTS/bin/armcl" -mv7R4 --code_state=32 --include_path="C:/TI/ccsv6/tools/compiler/arm_15.12.3.LTS/include" --include_path="C:/Users/Richard Arthurs/workspace_v6_2/570_blink_1/include" -g --diag_wrap=off --diag_warning=225 --display_error_number --abi=eabi --enum_type=packed --preproc_with_compile --preproc_dependency="source/system.d" --obj_directory="source"  "../source/system.c"
'Finished building: ../source/system.c'
' '
'Building file: ../source/ti_fee_Info.c'
'Invoking: ARM Compiler'
"C:/TI/ccsv6/tools/compiler/arm_15.12.3.LTS/bin/armcl" -mv7R4 --code_state=32 --include_path="C:/TI/ccsv6/tools/compiler/arm_15.12.3.LTS/include" --include_path="C:/Users/Richard Arthurs/workspace_v6_2/570_blink_1/include" -g --diag_wrap=off --diag_warning=225 --display_error_number --abi=eabi --enum_type=packed --preproc_with_compile --preproc_dependency="source/ti_fee_Info.d" --obj_directory="source"  "../source/ti_fee_Info.c"

>> Compilation failure
source/subdir_rules.mk:273: recipe for target 'source/ti_fee_Info.obj' failed
"C:\Users\Richard Arthurs\workspace_v6_2\570_blink_1\include\Device_TMS570LS04.h", line 104: fatal error #1965: cannot open source file "F021.h"
1 catastrophic error detected in the compilation of "../source/ti_fee_Info.c".
Compilation terminated.
'Building file: ../source/ti_fee_cancel.c'
'Invoking: ARM Compiler'
"C:/TI/ccsv6/tools/compiler/arm_15.12.3.LTS/bin/armcl" -mv7R4 --code_state=32 --include_path="C:/TI/ccsv6/tools/compiler/arm_15.12.3.LTS/include" --include_path="C:/Users/Richard Arthurs/workspace_v6_2/570_blink_1/include" -g --diag_wrap=off --diag_warning=225 --display_error_number --abi=eabi --enum_type=packed --preproc_with_compile --preproc_dependency="source/ti_fee_cancel.d" --obj_directory="source"  "../source/ti_fee_cancel.c"

>> Compilation failure
source/subdir_rules.mk:280: recipe for target 'source/ti_fee_cancel.obj' failed
gmake: *** [source/ti_fee_Info.obj] Error 1
"C:\Users\Richard Arthurs\workspace_v6_2\570_blink_1\include\Device_TMS570LS04.h", line 104: fatal error #1965: cannot open source file "F021.h"
1 catastrophic error detected in the compilation of "../source/ti_fee_cancel.c".
Compilation terminated.
'Building file: ../source/ti_fee_cfg.c'
'Invoking: ARM Compiler'
"C:/TI/ccsv6/tools/compiler/arm_15.12.3.LTS/bin/armcl" -mv7R4 --code_state=32 --include_path="C:/TI/ccsv6/tools/compiler/arm_15.12.3.LTS/include" --include_path="C:/Users/Richard Arthurs/workspace_v6_2/570_blink_1/include" -g --diag_wrap=off --diag_warning=225 --display_error_number --abi=eabi --enum_type=packed --preproc_with_compile --preproc_dependency="source/ti_fee_cfg.d" --obj_directory="source"  "../source/ti_fee_cfg.c"

>> Compilation failure
source/subdir_rules.mk:287: recipe for target 'source/ti_fee_cfg.obj' failed
gmake: *** [source/ti_fee_cancel.obj] Error 1
"C:\Users\Richard Arthurs\workspace_v6_2\570_blink_1\include\Device_TMS570LS04.h", line 104: fatal error #1965: cannot open source file "F021.h"
1 catastrophic error detected in the compilation of "../source/ti_fee_cfg.c".
Compilation terminated.
'Building file: ../source/ti_fee_eraseimmediateblock.c'
'Invoking: ARM Compiler'
"C:/TI/ccsv6/tools/compiler/arm_15.12.3.LTS/bin/armcl" -mv7R4 --code_state=32 --include_path="C:/TI/ccsv6/tools/compiler/arm_15.12.3.LTS/include" --include_path="C:/Users/Richard Arthurs/workspace_v6_2/570_blink_1/include" -g --diag_wrap=off --diag_warning=225 --display_error_number --abi=eabi --enum_type=packed --preproc_with_compile --preproc_dependency="source/ti_fee_eraseimmediateblock.d" --obj_directory="source"  "../source/ti_fee_eraseimmediateblock.c"

>> Compilation failure
source/subdir_rules.mk:294: recipe for target 'source/ti_fee_eraseimmediateblock.obj' failed
gmake: *** [source/ti_fee_cfg.obj] Error 1
"C:\Users\Richard Arthurs\workspace_v6_2\570_blink_1\include\Device_TMS570LS04.h", line 104: fatal error #1965: cannot open source file "F021.h"
1 catastrophic error detected in the compilation of "../source/ti_fee_eraseimmediateblock.c".
Compilation terminated.
'Building file: ../source/ti_fee_format.c'
'Invoking: ARM Compiler'
"C:/TI/ccsv6/tools/compiler/arm_15.12.3.LTS/bin/armcl" -mv7R4 --code_state=32 --include_path="C:/TI/ccsv6/tools/compiler/arm_15.12.3.LTS/include" --include_path="C:/Users/Richard Arthurs/workspace_v6_2/570_blink_1/include" -g --diag_wrap=off --diag_warning=225 --display_error_number --abi=eabi --enum_type=packed --preproc_with_compile --preproc_dependency="source/ti_fee_format.d" --obj_directory="source"  "../source/ti_fee_format.c"

>> Compilation failure
source/subdir_rules.mk:301: recipe for target 'source/ti_fee_format.obj' failed
gmake: *** [source/ti_fee_eraseimmediateblock.obj] Error 1
"C:\Users\Richard Arthurs\workspace_v6_2\570_blink_1\include\Device_TMS570LS04.h", line 104: fatal error #1965: cannot open source file "F021.h"
1 catastrophic error detected in the compilation of "../source/ti_fee_format.c".
Compilation terminated.
'Building file: ../source/ti_fee_ini.c'
'Invoking: ARM Compiler'
"C:/TI/ccsv6/tools/compiler/arm_15.12.3.LTS/bin/armcl" -mv7R4 --code_state=32 --include_path="C:/TI/ccsv6/tools/compiler/arm_15.12.3.LTS/include" --include_path="C:/Users/Richard Arthurs/workspace_v6_2/570_blink_1/include" -g --diag_wrap=off --diag_warning=225 --display_error_number --abi=eabi --enum_type=packed --preproc_with_compile --preproc_dependency="source/ti_fee_ini.d" --obj_directory="source"  "../source/ti_fee_ini.c"

>> Compilation failure
source/subdir_rules.mk:308: recipe for target 'source/ti_fee_ini.obj' failed
gmake: *** [source/ti_fee_format.obj] Error 1
"C:\Users\Richard Arthurs\workspace_v6_2\570_blink_1\include\Device_TMS570LS04.h", line 104: fatal error #1965: cannot open source file "F021.h"
1 catastrophic error detected in the compilation of "../source/ti_fee_ini.c".
Compilation terminated.
'Building file: ../source/ti_fee_invalidateblock.c'
'Invoking: ARM Compiler'
"C:/TI/ccsv6/tools/compiler/arm_15.12.3.LTS/bin/armcl" -mv7R4 --code_state=32 --include_path="C:/TI/ccsv6/tools/compiler/arm_15.12.3.LTS/include" --include_path="C:/Users/Richard Arthurs/workspace_v6_2/570_blink_1/include" -g --diag_wrap=off --diag_warning=225 --display_error_number --abi=eabi --enum_type=packed --preproc_with_compile --preproc_dependency="source/ti_fee_invalidateblock.d" --obj_directory="source"  "../source/ti_fee_invalidateblock.c"

>> Compilation failure
source/subdir_rules.mk:315: recipe for target 'source/ti_fee_invalidateblock.obj' failed
gmake: *** [source/ti_fee_ini.obj] Error 1
"C:\Users\Richard Arthurs\workspace_v6_2\570_blink_1\include\Device_TMS570LS04.h", line 104: fatal error #1965: cannot open source file "F021.h"
1 catastrophic error detected in the compilation of "../source/ti_fee_invalidateblock.c".
Compilation terminated.
'Building file: ../source/ti_fee_main.c'
'Invoking: ARM Compiler'
"C:/TI/ccsv6/tools/compiler/arm_15.12.3.LTS/bin/armcl" -mv7R4 --code_state=32 --include_path="C:/TI/ccsv6/tools/compiler/arm_15.12.3.LTS/include" --include_path="C:/Users/Richard Arthurs/workspace_v6_2/570_blink_1/include" -g --diag_wrap=off --diag_warning=225 --display_error_number --abi=eabi --enum_type=packed --preproc_with_compile --preproc_dependency="source/ti_fee_main.d" --obj_directory="source"  "../source/ti_fee_main.c"

>> Compilation failure
source/subdir_rules.mk:322: recipe for target 'source/ti_fee_main.obj' failed
gmake: *** [source/ti_fee_invalidateblock.obj] Error 1
"C:\Users\Richard Arthurs\workspace_v6_2\570_blink_1\include\Device_TMS570LS04.h", line 104: fatal error #1965: cannot open source file "F021.h"
1 catastrophic error detected in the compilation of "../source/ti_fee_main.c".
Compilation terminated.
'Building file: ../source/ti_fee_read.c'
'Invoking: ARM Compiler'
"C:/TI/ccsv6/tools/compiler/arm_15.12.3.LTS/bin/armcl" -mv7R4 --code_state=32 --include_path="C:/TI/ccsv6/tools/compiler/arm_15.12.3.LTS/include" --include_path="C:/Users/Richard Arthurs/workspace_v6_2/570_blink_1/include" -g --diag_wrap=off --diag_warning=225 --display_error_number --abi=eabi --enum_type=packed --preproc_with_compile --preproc_dependency="source/ti_fee_read.d" --obj_directory="source"  "../source/ti_fee_read.c"

>> Compilation failure
source/subdir_rules.mk:329: recipe for target 'source/ti_fee_read.obj' failed
gmake: *** [source/ti_fee_main.obj] Error 1
"C:\Users\Richard Arthurs\workspace_v6_2\570_blink_1\include\Device_TMS570LS04.h", line 104: fatal error #1965: cannot open source file "F021.h"
1 catastrophic error detected in the compilation of "../source/ti_fee_read.c".
Compilation terminated.
'Building file: ../source/ti_fee_readSync.c'
'Invoking: ARM Compiler'
"C:/TI/ccsv6/tools/compiler/arm_15.12.3.LTS/bin/armcl" -mv7R4 --code_state=32 --include_path="C:/TI/ccsv6/tools/compiler/arm_15.12.3.LTS/include" --include_path="C:/Users/Richard Arthurs/workspace_v6_2/570_blink_1/include" -g --diag_wrap=off --diag_warning=225 --display_error_number --abi=eabi --enum_type=packed --preproc_with_compile --preproc_dependency="source/ti_fee_readSync.d" --obj_directory="source"  "../source/ti_fee_readSync.c"

>> Compilation failure
source/subdir_rules.mk:336: recipe for target 'source/ti_fee_readSync.obj' failed
gmake: *** [source/ti_fee_read.obj] Error 1
"C:\Users\Richard Arthurs\workspace_v6_2\570_blink_1\include\Device_TMS570LS04.h", line 104: fatal error #1965: cannot open source file "F021.h"
1 catastrophic error detected in the compilation of "../source/ti_fee_readSync.c".
Compilation terminated.
'Building file: ../source/ti_fee_shutdown.c'
'Invoking: ARM Compiler'
"C:/TI/ccsv6/tools/compiler/arm_15.12.3.LTS/bin/armcl" -mv7R4 --code_state=32 --include_path="C:/TI/ccsv6/tools/compiler/arm_15.12.3.LTS/include" --include_path="C:/Users/Richard Arthurs/workspace_v6_2/570_blink_1/include" -g --diag_wrap=off --diag_warning=225 --display_error_number --abi=eabi --enum_type=packed --preproc_with_compile --preproc_dependency="source/ti_fee_shutdown.d" --obj_directory="source"  "../source/ti_fee_shutdown.c"

>> Compilation failure
source/subdir_rules.mk:343: recipe for target 'source/ti_fee_shutdown.obj' failed
gmake: *** [source/ti_fee_readSync.obj] Error 1
"C:\Users\Richard Arthurs\workspace_v6_2\570_blink_1\include\Device_TMS570LS04.h", line 104: fatal error #1965: cannot open source file "F021.h"
1 catastrophic error detected in the compilation of "../source/ti_fee_shutdown.c".
Compilation terminated.
'Building file: ../source/ti_fee_util.c'
'Invoking: ARM Compiler'
"C:/TI/ccsv6/tools/compiler/arm_15.12.3.LTS/bin/armcl" -mv7R4 --code_state=32 --include_path="C:/TI/ccsv6/tools/compiler/arm_15.12.3.LTS/include" --include_path="C:/Users/Richard Arthurs/workspace_v6_2/570_blink_1/include" -g --diag_wrap=off --diag_warning=225 --display_error_number --abi=eabi --enum_type=packed --preproc_with_compile --preproc_dependency="source/ti_fee_util.d" --obj_directory="source"  "../source/ti_fee_util.c"

>> Compilation failure
source/subdir_rules.mk:350: recipe for target 'source/ti_fee_util.obj' failed
gmake: *** [source/ti_fee_shutdown.obj] Error 1
"C:\Users\Richard Arthurs\workspace_v6_2\570_blink_1\include\Device_TMS570LS04.h", line 104: fatal error #1965: cannot open source file "F021.h"
1 catastrophic error detected in the compilation of "../source/ti_fee_util.c".
Compilation terminated.
'Building file: ../source/ti_fee_writeAsync.c'
'Invoking: ARM Compiler'
"C:/TI/ccsv6/tools/compiler/arm_15.12.3.LTS/bin/armcl" -mv7R4 --code_state=32 --include_path="C:/TI/ccsv6/tools/compiler/arm_15.12.3.LTS/include" --include_path="C:/Users/Richard Arthurs/workspace_v6_2/570_blink_1/include" -g --diag_wrap=off --diag_warning=225 --display_error_number --abi=eabi --enum_type=packed --preproc_with_compile --preproc_dependency="source/ti_fee_writeAsync.d" --obj_directory="source"  "../source/ti_fee_writeAsync.c"

>> Compilation failure
source/subdir_rules.mk:357: recipe for target 'source/ti_fee_writeAsync.obj' failed
gmake: *** [source/ti_fee_util.obj] Error 1
"C:\Users\Richard Arthurs\workspace_v6_2\570_blink_1\include\Device_TMS570LS04.h", line 104: fatal error #1965: cannot open source file "F021.h"
1 catastrophic error detected in the compilation of "../source/ti_fee_writeAsync.c".
Compilation terminated.
'Building file: ../source/ti_fee_writeSync.c'
'Invoking: ARM Compiler'
"C:/TI/ccsv6/tools/compiler/arm_15.12.3.LTS/bin/armcl" -mv7R4 --code_state=32 --include_path="C:/TI/ccsv6/tools/compiler/arm_15.12.3.LTS/include" --include_path="C:/Users/Richard Arthurs/workspace_v6_2/570_blink_1/include" -g --diag_wrap=off --diag_warning=225 --display_error_number --abi=eabi --enum_type=packed --preproc_with_compile --preproc_dependency="source/ti_fee_writeSync.d" --obj_directory="source"  "../source/ti_fee_writeSync.c"

>> Compilation failure
source/subdir_rules.mk:364: recipe for target 'source/ti_fee_writeSync.obj' failed
gmake: *** [source/ti_fee_writeAsync.obj] Error 1
"C:\Users\Richard Arthurs\workspace_v6_2\570_blink_1\include\Device_TMS570LS04.h", line 104: fatal error #1965: cannot open source file "F021.h"
1 catastrophic error detected in the compilation of "../source/ti_fee_writeSync.c".
Compilation terminated.
gmake: *** [source/ti_fee_writeSync.obj] Error 1
gmake: Target 'all' not remade because of errors.

**** Build Finished ****
