
**** Clean-only build of configuration Debug for project UART_and_RTOS_Integrated ****

"C:\\TI\\ccsv6\\utils\\bin\\gmake" -k clean 
DEL /F  "UART_and_RTOS_Integrated.out"  "UART_and_RTOS_Integrated.hex" 
DEL /F "SFUsat\SFU_Serial.d" "source\esm.d" "source\gio.d" "source\notification.d" "source\os_croutine.d" "source\os_event_groups.d" "source\os_heap.d" "source\os_list.d" "source\os_mpu_wrappers.d" "source\os_port.d" "source\os_queue.d" "source\os_tasks.d" "source\os_timer.d" "source\pinmux.d" "source\sci.d" "source\sys_main.d" "source\sys_pcr.d" "source\sys_phantom.d" "source\sys_selftest.d" "source\sys_startup.d" "source\sys_vim.d" "source\system.d" 
DEL /F "SFUsat\SFU_Serial.obj" "source\dabort.obj" "source\esm.obj" "source\gio.obj" "source\notification.obj" "source\os_croutine.obj" "source\os_event_groups.obj" "source\os_heap.obj" "source\os_list.obj" "source\os_mpu_wrappers.obj" "source\os_port.obj" "source\os_portasm.obj" "source\os_queue.obj" "source\os_tasks.obj" "source\os_timer.obj" "source\pinmux.obj" "source\sci.obj" "source\sys_core.obj" "source\sys_intvecs.obj" "source\sys_main.obj" "source\sys_mpu.obj" "source\sys_pcr.obj" "source\sys_phantom.obj" "source\sys_pmu.obj" "source\sys_selftest.obj" "source\sys_startup.obj" "source\sys_vim.obj" "source\system.obj" 
DEL /F "source\dabort.d" "source\os_portasm.d" "source\sys_core.d" "source\sys_intvecs.d" "source\sys_mpu.d" "source\sys_pmu.d" 
Could Not Find C:\Users\Richard Arthurs\workspace_v6_2\UART_and_RTOS_Integrated\Debug\UART_and_RTOS_Integrated.out
Could Not Find C:\Users\Richard Arthurs\workspace_v6_2\UART_and_RTOS_Integrated\Debug\SFUsat\SFU_Serial.obj
Could Not Find C:\Users\Richard Arthurs\workspace_v6_2\UART_and_RTOS_Integrated\Debug\source\dabort.obj
Could Not Find C:\Users\Richard Arthurs\workspace_v6_2\UART_and_RTOS_Integrated\Debug\source\dabort.d
'Finished clean'
' '

**** Build Finished ****

**** Build of configuration Debug for project 570_UART_Example ****

"C:\\TI\\ccsv6\\utils\\bin\\gmake" -k all 
'Building file: ../SFUsat/SFU_Serial.c'
'Invoking: ARM Compiler'
"C:/TI/ccsv6/tools/compiler/arm_15.12.3.LTS/bin/armcl" -mv7R4 --code_state=32 --include_path="C:/TI/ccsv6/tools/compiler/arm_15.12.3.LTS/include" --include_path="C:/Users/Richard Arthurs/workspace_v6_2/570_UART_Example/SFUsat" --include_path="C:/Users/Richard Arthurs/workspace_v6_2/570_UART_Example/include" -g --diag_wrap=off --diag_warning=225 --display_error_number --abi=eabi --enum_type=packed --preproc_with_compile --preproc_dependency="SFUsat/SFU_Serial.d" --obj_directory="SFUsat"  "../SFUsat/SFU_Serial.c"
'Finished building: ../SFUsat/SFU_Serial.c'
' '
'Building file: ../source/dabort.asm'
'Invoking: ARM Compiler'
"C:/TI/ccsv6/tools/compiler/arm_15.12.3.LTS/bin/armcl" -mv7R4 --code_state=32 --include_path="C:/TI/ccsv6/tools/compiler/arm_15.12.3.LTS/include" --include_path="C:/Users/Richard Arthurs/workspace_v6_2/570_UART_Example/SFUsat" --include_path="C:/Users/Richard Arthurs/workspace_v6_2/570_UART_Example/include" -g --diag_wrap=off --diag_warning=225 --display_error_number --abi=eabi --enum_type=packed --preproc_with_compile --preproc_dependency="source/dabort.d" --obj_directory="source"  "../source/dabort.asm"
'Finished building: ../source/dabort.asm'
' '
'Building file: ../source/esm.c'
'Invoking: ARM Compiler'
"C:/TI/ccsv6/tools/compiler/arm_15.12.3.LTS/bin/armcl" -mv7R4 --code_state=32 --include_path="C:/TI/ccsv6/tools/compiler/arm_15.12.3.LTS/include" --include_path="C:/Users/Richard Arthurs/workspace_v6_2/570_UART_Example/SFUsat" --include_path="C:/Users/Richard Arthurs/workspace_v6_2/570_UART_Example/include" -g --diag_wrap=off --diag_warning=225 --display_error_number --abi=eabi --enum_type=packed --preproc_with_compile --preproc_dependency="source/esm.d" --obj_directory="source"  "../source/esm.c"
'Finished building: ../source/esm.c'
' '
'Building file: ../source/notification.c'
'Invoking: ARM Compiler'
"C:/TI/ccsv6/tools/compiler/arm_15.12.3.LTS/bin/armcl" -mv7R4 --code_state=32 --include_path="C:/TI/ccsv6/tools/compiler/arm_15.12.3.LTS/include" --include_path="C:/Users/Richard Arthurs/workspace_v6_2/570_UART_Example/SFUsat" --include_path="C:/Users/Richard Arthurs/workspace_v6_2/570_UART_Example/include" -g --diag_wrap=off --diag_warning=225 --display_error_number --abi=eabi --enum_type=packed --preproc_with_compile --preproc_dependency="source/notification.d" --obj_directory="source"  "../source/notification.c"
'Finished building: ../source/notification.c'
' '
'Building file: ../source/pinmux.c'
'Invoking: ARM Compiler'
"C:/TI/ccsv6/tools/compiler/arm_15.12.3.LTS/bin/armcl" -mv7R4 --code_state=32 --include_path="C:/TI/ccsv6/tools/compiler/arm_15.12.3.LTS/include" --include_path="C:/Users/Richard Arthurs/workspace_v6_2/570_UART_Example/SFUsat" --include_path="C:/Users/Richard Arthurs/workspace_v6_2/570_UART_Example/include" -g --diag_wrap=off --diag_warning=225 --display_error_number --abi=eabi --enum_type=packed --preproc_with_compile --preproc_dependency="source/pinmux.d" --obj_directory="source"  "../source/pinmux.c"
'Finished building: ../source/pinmux.c'
' '
'Building file: ../source/sci.c'
'Invoking: ARM Compiler'
"C:/TI/ccsv6/tools/compiler/arm_15.12.3.LTS/bin/armcl" -mv7R4 --code_state=32 --include_path="C:/TI/ccsv6/tools/compiler/arm_15.12.3.LTS/include" --include_path="C:/Users/Richard Arthurs/workspace_v6_2/570_UART_Example/SFUsat" --include_path="C:/Users/Richard Arthurs/workspace_v6_2/570_UART_Example/include" -g --diag_wrap=off --diag_warning=225 --display_error_number --abi=eabi --enum_type=packed --preproc_with_compile --preproc_dependency="source/sci.d" --obj_directory="source"  "../source/sci.c"
'Finished building: ../source/sci.c'
' '
'Building file: ../source/sys_core.asm'
'Invoking: ARM Compiler'
"C:/TI/ccsv6/tools/compiler/arm_15.12.3.LTS/bin/armcl" -mv7R4 --code_state=32 --include_path="C:/TI/ccsv6/tools/compiler/arm_15.12.3.LTS/include" --include_path="C:/Users/Richard Arthurs/workspace_v6_2/570_UART_Example/SFUsat" --include_path="C:/Users/Richard Arthurs/workspace_v6_2/570_UART_Example/include" -g --diag_wrap=off --diag_warning=225 --display_error_number --abi=eabi --enum_type=packed --preproc_with_compile --preproc_dependency="source/sys_core.d" --obj_directory="source"  "../source/sys_core.asm"
'Finished building: ../source/sys_core.asm'
' '
'Building file: ../source/sys_intvecs.asm'
'Invoking: ARM Compiler'
"C:/TI/ccsv6/tools/compiler/arm_15.12.3.LTS/bin/armcl" -mv7R4 --code_state=32 --include_path="C:/TI/ccsv6/tools/compiler/arm_15.12.3.LTS/include" --include_path="C:/Users/Richard Arthurs/workspace_v6_2/570_UART_Example/SFUsat" --include_path="C:/Users/Richard Arthurs/workspace_v6_2/570_UART_Example/include" -g --diag_wrap=off --diag_warning=225 --display_error_number --abi=eabi --enum_type=packed --preproc_with_compile --preproc_dependency="source/sys_intvecs.d" --obj_directory="source"  "../source/sys_intvecs.asm"
'Finished building: ../source/sys_intvecs.asm'
' '
'Building file: ../source/sys_main.c'
'Invoking: ARM Compiler'
"C:/TI/ccsv6/tools/compiler/arm_15.12.3.LTS/bin/armcl" -mv7R4 --code_state=32 --include_path="C:/TI/ccsv6/tools/compiler/arm_15.12.3.LTS/include" --include_path="C:/Users/Richard Arthurs/workspace_v6_2/570_UART_Example/SFUsat" --include_path="C:/Users/Richard Arthurs/workspace_v6_2/570_UART_Example/include" -g --diag_wrap=off --diag_warning=225 --display_error_number --abi=eabi --enum_type=packed --preproc_with_compile --preproc_dependency="source/sys_main.d" --obj_directory="source"  "../source/sys_main.c"
'Finished building: ../source/sys_main.c'
' '
'Building file: ../source/sys_mpu.asm'
'Invoking: ARM Compiler'
"C:/TI/ccsv6/tools/compiler/arm_15.12.3.LTS/bin/armcl" -mv7R4 --code_state=32 --include_path="C:/TI/ccsv6/tools/compiler/arm_15.12.3.LTS/include" --include_path="C:/Users/Richard Arthurs/workspace_v6_2/570_UART_Example/SFUsat" --include_path="C:/Users/Richard Arthurs/workspace_v6_2/570_UART_Example/include" -g --diag_wrap=off --diag_warning=225 --display_error_number --abi=eabi --enum_type=packed --preproc_with_compile --preproc_dependency="source/sys_mpu.d" --obj_directory="source"  "../source/sys_mpu.asm"
'Finished building: ../source/sys_mpu.asm'
' '
'Building file: ../source/sys_pcr.c'
'Invoking: ARM Compiler'
"C:/TI/ccsv6/tools/compiler/arm_15.12.3.LTS/bin/armcl" -mv7R4 --code_state=32 --include_path="C:/TI/ccsv6/tools/compiler/arm_15.12.3.LTS/include" --include_path="C:/Users/Richard Arthurs/workspace_v6_2/570_UART_Example/SFUsat" --include_path="C:/Users/Richard Arthurs/workspace_v6_2/570_UART_Example/include" -g --diag_wrap=off --diag_warning=225 --display_error_number --abi=eabi --enum_type=packed --preproc_with_compile --preproc_dependency="source/sys_pcr.d" --obj_directory="source"  "../source/sys_pcr.c"
'Finished building: ../source/sys_pcr.c'
' '
'Building file: ../source/sys_phantom.c'
'Invoking: ARM Compiler'
"C:/TI/ccsv6/tools/compiler/arm_15.12.3.LTS/bin/armcl" -mv7R4 --code_state=32 --include_path="C:/TI/ccsv6/tools/compiler/arm_15.12.3.LTS/include" --include_path="C:/Users/Richard Arthurs/workspace_v6_2/570_UART_Example/SFUsat" --include_path="C:/Users/Richard Arthurs/workspace_v6_2/570_UART_Example/include" -g --diag_wrap=off --diag_warning=225 --display_error_number --abi=eabi --enum_type=packed --preproc_with_compile --preproc_dependency="source/sys_phantom.d" --obj_directory="source"  "../source/sys_phantom.c"
'Finished building: ../source/sys_phantom.c'
' '
'Building file: ../source/sys_pmu.asm'
'Invoking: ARM Compiler'
"C:/TI/ccsv6/tools/compiler/arm_15.12.3.LTS/bin/armcl" -mv7R4 --code_state=32 --include_path="C:/TI/ccsv6/tools/compiler/arm_15.12.3.LTS/include" --include_path="C:/Users/Richard Arthurs/workspace_v6_2/570_UART_Example/SFUsat" --include_path="C:/Users/Richard Arthurs/workspace_v6_2/570_UART_Example/include" -g --diag_wrap=off --diag_warning=225 --display_error_number --abi=eabi --enum_type=packed --preproc_with_compile --preproc_dependency="source/sys_pmu.d" --obj_directory="source"  "../source/sys_pmu.asm"
'Finished building: ../source/sys_pmu.asm'
' '
'Building file: ../source/sys_selftest.c'
'Invoking: ARM Compiler'
"C:/TI/ccsv6/tools/compiler/arm_15.12.3.LTS/bin/armcl" -mv7R4 --code_state=32 --include_path="C:/TI/ccsv6/tools/compiler/arm_15.12.3.LTS/include" --include_path="C:/Users/Richard Arthurs/workspace_v6_2/570_UART_Example/SFUsat" --include_path="C:/Users/Richard Arthurs/workspace_v6_2/570_UART_Example/include" -g --diag_wrap=off --diag_warning=225 --display_error_number --abi=eabi --enum_type=packed --preproc_with_compile --preproc_dependency="source/sys_selftest.d" --obj_directory="source"  "../source/sys_selftest.c"
'Finished building: ../source/sys_selftest.c'
' '
'Building file: ../source/sys_startup.c'
'Invoking: ARM Compiler'
"C:/TI/ccsv6/tools/compiler/arm_15.12.3.LTS/bin/armcl" -mv7R4 --code_state=32 --include_path="C:/TI/ccsv6/tools/compiler/arm_15.12.3.LTS/include" --include_path="C:/Users/Richard Arthurs/workspace_v6_2/570_UART_Example/SFUsat" --include_path="C:/Users/Richard Arthurs/workspace_v6_2/570_UART_Example/include" -g --diag_wrap=off --diag_warning=225 --display_error_number --abi=eabi --enum_type=packed --preproc_with_compile --preproc_dependency="source/sys_startup.d" --obj_directory="source"  "../source/sys_startup.c"
'Finished building: ../source/sys_startup.c'
' '
'Building file: ../source/sys_vim.c'
'Invoking: ARM Compiler'
"C:/TI/ccsv6/tools/compiler/arm_15.12.3.LTS/bin/armcl" -mv7R4 --code_state=32 --include_path="C:/TI/ccsv6/tools/compiler/arm_15.12.3.LTS/include" --include_path="C:/Users/Richard Arthurs/workspace_v6_2/570_UART_Example/SFUsat" --include_path="C:/Users/Richard Arthurs/workspace_v6_2/570_UART_Example/include" -g --diag_wrap=off --diag_warning=225 --display_error_number --abi=eabi --enum_type=packed --preproc_with_compile --preproc_dependency="source/sys_vim.d" --obj_directory="source"  "../source/sys_vim.c"
'Finished building: ../source/sys_vim.c'
' '
'Building file: ../source/system.c'
'Invoking: ARM Compiler'
"C:/TI/ccsv6/tools/compiler/arm_15.12.3.LTS/bin/armcl" -mv7R4 --code_state=32 --include_path="C:/TI/ccsv6/tools/compiler/arm_15.12.3.LTS/include" --include_path="C:/Users/Richard Arthurs/workspace_v6_2/570_UART_Example/SFUsat" --include_path="C:/Users/Richard Arthurs/workspace_v6_2/570_UART_Example/include" -g --diag_wrap=off --diag_warning=225 --display_error_number --abi=eabi --enum_type=packed --preproc_with_compile --preproc_dependency="source/system.d" --obj_directory="source"  "../source/system.c"
'Finished building: ../source/system.c'
' '
'Building target: 570_UART_Example.out'
'Invoking: ARM Linker'
"C:/TI/ccsv6/tools/compiler/arm_15.12.3.LTS/bin/armcl" -mv7R4 --code_state=32 -g --diag_wrap=off --diag_warning=225 --display_error_number --abi=eabi --enum_type=packed -z -m"570_UART_Example.map" --stack_size=0x800 --heap_size=0x800 -i"C:/TI/ccsv6/tools/compiler/arm_15.12.3.LTS/lib" -i"C:/TI/ccsv6/tools/compiler/arm_15.12.3.LTS/include" --reread_libs --diag_wrap=off --warn_sections --display_error_number --xml_link_info="570_UART_Example_linkInfo.xml" --rom_model --be32 -o "570_UART_Example.out" "./SFUsat/SFU_Serial.obj" "./source/dabort.obj" "./source/esm.obj" "./source/notification.obj" "./source/pinmux.obj" "./source/sci.obj" "./source/sys_core.obj" "./source/sys_intvecs.obj" "./source/sys_main.obj" "./source/sys_mpu.obj" "./source/sys_pcr.obj" "./source/sys_phantom.obj" "./source/sys_pmu.obj" "./source/sys_selftest.obj" "./source/sys_startup.obj" "./source/sys_vim.obj" "./source/system.obj" "../source/sys_link.cmd"  -llibc.a 
<Linking>
'Finished building target: 570_UART_Example.out'
' '

**** Build Finished ****
